The system is: Linux - 4.4.0-148-generic - x86_64
Compiling the C compiler identification source file "CMakeCCompilerId.c" succeeded.
Compiler: /usr/bin/gcc 
Build flags: 
Id flags:  

The output was:
0


Compilation of the C compiler identification source "CMakeCCompilerId.c" produced "a.out"

The C compiler identification is GNU, found in "/home/kdq/workspace/KDQ_SLAM/build-ceres_study-Desktop-Default/CMakeFiles/3.11.3/CompilerIdC/a.out"

Compiling the CXX compiler identification source file "CMakeCXXCompilerId.cpp" succeeded.
Compiler: /usr/bin/g++ 
Build flags: -std=c++11;-O3
Id flags:  

The output was:
0


Compilation of the CXX compiler identification source "CMakeCXXCompilerId.cpp" produced "a.out"

The CXX compiler identification is GNU, found in "/home/kdq/workspace/KDQ_SLAM/build-ceres_study-Desktop-Default/CMakeFiles/3.11.3/CompilerIdCXX/a.out"

Determining if the C compiler works passed with the following output:
Change Dir: /home/kdq/workspace/KDQ_SLAM/build-ceres_study-Desktop-Default/CMakeFiles/CMakeTmp

Run Build Command:"/usr/bin/make" "cmTC_c1e5c/fast"
/usr/bin/make -f CMakeFiles/cmTC_c1e5c.dir/build.make CMakeFiles/cmTC_c1e5c.dir/build
make[1]: 正在进入目录 `/home/kdq/workspace/KDQ_SLAM/build-ceres_study-Desktop-Default/CMakeFiles/CMakeTmp'
Building C object CMakeFiles/cmTC_c1e5c.dir/testCCompiler.c.o
/usr/bin/gcc    -o CMakeFiles/cmTC_c1e5c.dir/testCCompiler.c.o   -c /home/kdq/workspace/KDQ_SLAM/build-ceres_study-Desktop-Default/CMakeFiles/CMakeTmp/testCCompiler.c
Linking C executable cmTC_c1e5c
/usr/bin/cmake -E cmake_link_script CMakeFiles/cmTC_c1e5c.dir/link.txt --verbose=1
/usr/bin/gcc      CMakeFiles/cmTC_c1e5c.dir/testCCompiler.c.o  -o cmTC_c1e5c 
make[1]:正在离开目录 `/home/kdq/workspace/KDQ_SLAM/build-ceres_study-Desktop-Default/CMakeFiles/CMakeTmp'


Detecting C compiler ABI info compiled with the following output:
Change Dir: /home/kdq/workspace/KDQ_SLAM/build-ceres_study-Desktop-Default/CMakeFiles/CMakeTmp

Run Build Command:"/usr/bin/make" "cmTC_9debd/fast"
/usr/bin/make -f CMakeFiles/cmTC_9debd.dir/build.make CMakeFiles/cmTC_9debd.dir/build
make[1]: 正在进入目录 `/home/kdq/workspace/KDQ_SLAM/build-ceres_study-Desktop-Default/CMakeFiles/CMakeTmp'
Building C object CMakeFiles/cmTC_9debd.dir/CMakeCCompilerABI.c.o
/usr/bin/gcc    -o CMakeFiles/cmTC_9debd.dir/CMakeCCompilerABI.c.o   -c /usr/share/cmake-3.11/Modules/CMakeCCompilerABI.c
Linking C executable cmTC_9debd
/usr/bin/cmake -E cmake_link_script CMakeFiles/cmTC_9debd.dir/link.txt --verbose=1
/usr/bin/gcc     -v CMakeFiles/cmTC_9debd.dir/CMakeCCompilerABI.c.o  -o cmTC_9debd 
Using built-in specs.
COLLECT_GCC=/usr/bin/gcc
COLLECT_LTO_WRAPPER=/usr/lib/gcc/x86_64-linux-gnu/4.8/lto-wrapper
Target: x86_64-linux-gnu
Configured with: ../src/configure -v --with-pkgversion='Ubuntu 4.8.5-4ubuntu8~14.04.2' --with-bugurl=file:///usr/share/doc/gcc-4.8/README.Bugs --enable-languages=c,c++,java,go,d,fortran,objc,obj-c++ --prefix=/usr --program-suffix=-4.8 --enable-shared --enable-linker-build-id --libexecdir=/usr/lib --without-included-gettext --enable-threads=posix --with-gxx-include-dir=/usr/include/c++/4.8 --libdir=/usr/lib --enable-nls --with-sysroot=/ --enable-clocale=gnu --enable-libstdcxx-debug --enable-libstdcxx-time=yes --enable-gnu-unique-object --disable-libmudflap --enable-plugin --with-system-zlib --disable-browser-plugin --enable-java-awt=gtk --enable-gtk-cairo --with-java-home=/usr/lib/jvm/java-1.5.0-gcj-4.8-amd64/jre --enable-java-home --with-jvm-root-dir=/usr/lib/jvm/java-1.5.0-gcj-4.8-amd64 --with-jvm-jar-dir=/usr/lib/jvm-exports/java-1.5.0-gcj-4.8-amd64 --with-arch-directory=amd64 --with-ecj-jar=/usr/share/java/eclipse-ecj.jar --enable-objc-gc --enable-multiarch --disable-werror --with-arch-32=i686 --with-abi=m64 --with-multilib-list=m32,m64,mx32 --with-tune=generic --enable-checking=release --build=x86_64-linux-gnu --host=x86_64-linux-gnu --target=x86_64-linux-gnu
Thread model: posix
gcc version 4.8.5 (Ubuntu 4.8.5-4ubuntu8~14.04.2) 
COMPILER_PATH=/usr/lib/gcc/x86_64-linux-gnu/4.8/:/usr/lib/gcc/x86_64-linux-gnu/4.8/:/usr/lib/gcc/x86_64-linux-gnu/:/usr/lib/gcc/x86_64-linux-gnu/4.8/:/usr/lib/gcc/x86_64-linux-gnu/
LIBRARY_PATH=/usr/lib/gcc/x86_64-linux-gnu/4.8/:/usr/lib/gcc/x86_64-linux-gnu/4.8/../../../x86_64-linux-gnu/:/usr/lib/gcc/x86_64-linux-gnu/4.8/../../../../lib/:/lib/x86_64-linux-gnu/:/lib/../lib/:/usr/lib/x86_64-linux-gnu/:/usr/lib/../lib/:/usr/lib/gcc/x86_64-linux-gnu/4.8/../../../:/lib/:/usr/lib/
COLLECT_GCC_OPTIONS='-v' '-o' 'cmTC_9debd' '-mtune=generic' '-march=x86-64'
 /usr/lib/gcc/x86_64-linux-gnu/4.8/collect2 --sysroot=/ --build-id --eh-frame-hdr -m elf_x86_64 --hash-style=gnu --as-needed -dynamic-linker /lib64/ld-linux-x86-64.so.2 -z relro -o cmTC_9debd /usr/lib/gcc/x86_64-linux-gnu/4.8/../../../x86_64-linux-gnu/crt1.o /usr/lib/gcc/x86_64-linux-gnu/4.8/../../../x86_64-linux-gnu/crti.o /usr/lib/gcc/x86_64-linux-gnu/4.8/crtbegin.o -L/usr/lib/gcc/x86_64-linux-gnu/4.8 -L/usr/lib/gcc/x86_64-linux-gnu/4.8/../../../x86_64-linux-gnu -L/usr/lib/gcc/x86_64-linux-gnu/4.8/../../../../lib -L/lib/x86_64-linux-gnu -L/lib/../lib -L/usr/lib/x86_64-linux-gnu -L/usr/lib/../lib -L/usr/lib/gcc/x86_64-linux-gnu/4.8/../../.. CMakeFiles/cmTC_9debd.dir/CMakeCCompilerABI.c.o -lgcc --as-needed -lgcc_s --no-as-needed -lc -lgcc --as-needed -lgcc_s --no-as-needed /usr/lib/gcc/x86_64-linux-gnu/4.8/crtend.o /usr/lib/gcc/x86_64-linux-gnu/4.8/../../../x86_64-linux-gnu/crtn.o
make[1]:正在离开目录 `/home/kdq/workspace/KDQ_SLAM/build-ceres_study-Desktop-Default/CMakeFiles/CMakeTmp'


Parsed C implicit link information from above output:
  link line regex: [^( *|.*[/\])(ld|CMAKE_LINK_STARTFILE-NOTFOUND|([^/\]+-)?ld|collect2)[^/\]*( |$)]
  ignore line: [Change Dir: /home/kdq/workspace/KDQ_SLAM/build-ceres_study-Desktop-Default/CMakeFiles/CMakeTmp]
  ignore line: []
  ignore line: [Run Build Command:"/usr/bin/make" "cmTC_9debd/fast"]
  ignore line: [/usr/bin/make -f CMakeFiles/cmTC_9debd.dir/build.make CMakeFiles/cmTC_9debd.dir/build]
  ignore line: [make[1]: 正在进入目录 `/home/kdq/workspace/KDQ_SLAM/build-ceres_study-Desktop-Default/CMakeFiles/CMakeTmp']
  ignore line: [Building C object CMakeFiles/cmTC_9debd.dir/CMakeCCompilerABI.c.o]
  ignore line: [/usr/bin/gcc    -o CMakeFiles/cmTC_9debd.dir/CMakeCCompilerABI.c.o   -c /usr/share/cmake-3.11/Modules/CMakeCCompilerABI.c]
  ignore line: [Linking C executable cmTC_9debd]
  ignore line: [/usr/bin/cmake -E cmake_link_script CMakeFiles/cmTC_9debd.dir/link.txt --verbose=1]
  ignore line: [/usr/bin/gcc     -v CMakeFiles/cmTC_9debd.dir/CMakeCCompilerABI.c.o  -o cmTC_9debd ]
  ignore line: [Using built-in specs.]
  ignore line: [COLLECT_GCC=/usr/bin/gcc]
  ignore line: [COLLECT_LTO_WRAPPER=/usr/lib/gcc/x86_64-linux-gnu/4.8/lto-wrapper]
  ignore line: [Target: x86_64-linux-gnu]
  ignore line: [Configured with: ../src/configure -v --with-pkgversion='Ubuntu 4.8.5-4ubuntu8~14.04.2' --with-bugurl=file:///usr/share/doc/gcc-4.8/README.Bugs --enable-languages=c,c++,java,go,d,fortran,objc,obj-c++ --prefix=/usr --program-suffix=-4.8 --enable-shared --enable-linker-build-id --libexecdir=/usr/lib --without-included-gettext --enable-threads=posix --with-gxx-include-dir=/usr/include/c++/4.8 --libdir=/usr/lib --enable-nls --with-sysroot=/ --enable-clocale=gnu --enable-libstdcxx-debug --enable-libstdcxx-time=yes --enable-gnu-unique-object --disable-libmudflap --enable-plugin --with-system-zlib --disable-browser-plugin --enable-java-awt=gtk --enable-gtk-cairo --with-java-home=/usr/lib/jvm/java-1.5.0-gcj-4.8-amd64/jre --enable-java-home --with-jvm-root-dir=/usr/lib/jvm/java-1.5.0-gcj-4.8-amd64 --with-jvm-jar-dir=/usr/lib/jvm-exports/java-1.5.0-gcj-4.8-amd64 --with-arch-directory=amd64 --with-ecj-jar=/usr/share/java/eclipse-ecj.jar --enable-objc-gc --enable-multiarch --disable-werror --with-arch-32=i686 --with-abi=m64 --with-multilib-list=m32,m64,mx32 --with-tune=generic --enable-checking=release --build=x86_64-linux-gnu --host=x86_64-linux-gnu --target=x86_64-linux-gnu]
  ignore line: [Thread model: posix]
  ignore line: [gcc version 4.8.5 (Ubuntu 4.8.5-4ubuntu8~14.04.2) ]
  ignore line: [COMPILER_PATH=/usr/lib/gcc/x86_64-linux-gnu/4.8/:/usr/lib/gcc/x86_64-linux-gnu/4.8/:/usr/lib/gcc/x86_64-linux-gnu/:/usr/lib/gcc/x86_64-linux-gnu/4.8/:/usr/lib/gcc/x86_64-linux-gnu/]
  ignore line: [LIBRARY_PATH=/usr/lib/gcc/x86_64-linux-gnu/4.8/:/usr/lib/gcc/x86_64-linux-gnu/4.8/../../../x86_64-linux-gnu/:/usr/lib/gcc/x86_64-linux-gnu/4.8/../../../../lib/:/lib/x86_64-linux-gnu/:/lib/../lib/:/usr/lib/x86_64-linux-gnu/:/usr/lib/../lib/:/usr/lib/gcc/x86_64-linux-gnu/4.8/../../../:/lib/:/usr/lib/]
  ignore line: [COLLECT_GCC_OPTIONS='-v' '-o' 'cmTC_9debd' '-mtune=generic' '-march=x86-64']
  link line: [ /usr/lib/gcc/x86_64-linux-gnu/4.8/collect2 --sysroot=/ --build-id --eh-frame-hdr -m elf_x86_64 --hash-style=gnu --as-needed -dynamic-linker /lib64/ld-linux-x86-64.so.2 -z relro -o cmTC_9debd /usr/lib/gcc/x86_64-linux-gnu/4.8/../../../x86_64-linux-gnu/crt1.o /usr/lib/gcc/x86_64-linux-gnu/4.8/../../../x86_64-linux-gnu/crti.o /usr/lib/gcc/x86_64-linux-gnu/4.8/crtbegin.o -L/usr/lib/gcc/x86_64-linux-gnu/4.8 -L/usr/lib/gcc/x86_64-linux-gnu/4.8/../../../x86_64-linux-gnu -L/usr/lib/gcc/x86_64-linux-gnu/4.8/../../../../lib -L/lib/x86_64-linux-gnu -L/lib/../lib -L/usr/lib/x86_64-linux-gnu -L/usr/lib/../lib -L/usr/lib/gcc/x86_64-linux-gnu/4.8/../../.. CMakeFiles/cmTC_9debd.dir/CMakeCCompilerABI.c.o -lgcc --as-needed -lgcc_s --no-as-needed -lc -lgcc --as-needed -lgcc_s --no-as-needed /usr/lib/gcc/x86_64-linux-gnu/4.8/crtend.o /usr/lib/gcc/x86_64-linux-gnu/4.8/../../../x86_64-linux-gnu/crtn.o]
    arg [/usr/lib/gcc/x86_64-linux-gnu/4.8/collect2] ==> ignore
    arg [--sysroot=/] ==> ignore
    arg [--build-id] ==> ignore
    arg [--eh-frame-hdr] ==> ignore
    arg [-m] ==> ignore
    arg [elf_x86_64] ==> ignore
    arg [--hash-style=gnu] ==> ignore
    arg [--as-needed] ==> ignore
    arg [-dynamic-linker] ==> ignore
    arg [/lib64/ld-linux-x86-64.so.2] ==> ignore
    arg [-zrelro] ==> ignore
    arg [-o] ==> ignore
    arg [cmTC_9debd] ==> ignore
    arg [/usr/lib/gcc/x86_64-linux-gnu/4.8/../../../x86_64-linux-gnu/crt1.o] ==> ignore
    arg [/usr/lib/gcc/x86_64-linux-gnu/4.8/../../../x86_64-linux-gnu/crti.o] ==> ignore
    arg [/usr/lib/gcc/x86_64-linux-gnu/4.8/crtbegin.o] ==> ignore
    arg [-L/usr/lib/gcc/x86_64-linux-gnu/4.8] ==> dir [/usr/lib/gcc/x86_64-linux-gnu/4.8]
    arg [-L/usr/lib/gcc/x86_64-linux-gnu/4.8/../../../x86_64-linux-gnu] ==> dir [/usr/lib/gcc/x86_64-linux-gnu/4.8/../../../x86_64-linux-gnu]
    arg [-L/usr/lib/gcc/x86_64-linux-gnu/4.8/../../../../lib] ==> dir [/usr/lib/gcc/x86_64-linux-gnu/4.8/../../../../lib]
    arg [-L/lib/x86_64-linux-gnu] ==> dir [/lib/x86_64-linux-gnu]
    arg [-L/lib/../lib] ==> dir [/lib/../lib]
    arg [-L/usr/lib/x86_64-linux-gnu] ==> dir [/usr/lib/x86_64-linux-gnu]
    arg [-L/usr/lib/../lib] ==> dir [/usr/lib/../lib]
    arg [-L/usr/lib/gcc/x86_64-linux-gnu/4.8/../../..] ==> dir [/usr/lib/gcc/x86_64-linux-gnu/4.8/../../..]
    arg [CMakeFiles/cmTC_9debd.dir/CMakeCCompilerABI.c.o] ==> ignore
    arg [-lgcc] ==> lib [gcc]
    arg [--as-needed] ==> ignore
    arg [-lgcc_s] ==> lib [gcc_s]
    arg [--no-as-needed] ==> ignore
    arg [-lc] ==> lib [c]
    arg [-lgcc] ==> lib [gcc]
    arg [--as-needed] ==> ignore
    arg [-lgcc_s] ==> lib [gcc_s]
    arg [--no-as-needed] ==> ignore
    arg [/usr/lib/gcc/x86_64-linux-gnu/4.8/crtend.o] ==> ignore
    arg [/usr/lib/gcc/x86_64-linux-gnu/4.8/../../../x86_64-linux-gnu/crtn.o] ==> ignore
  collapse library dir [/usr/lib/gcc/x86_64-linux-gnu/4.8] ==> [/usr/lib/gcc/x86_64-linux-gnu/4.8]
  collapse library dir [/usr/lib/gcc/x86_64-linux-gnu/4.8/../../../x86_64-linux-gnu] ==> [/usr/lib/x86_64-linux-gnu]
  collapse library dir [/usr/lib/gcc/x86_64-linux-gnu/4.8/../../../../lib] ==> [/usr/lib]
  collapse library dir [/lib/x86_64-linux-gnu] ==> [/lib/x86_64-linux-gnu]
  collapse library dir [/lib/../lib] ==> [/lib]
  collapse library dir [/usr/lib/x86_64-linux-gnu] ==> [/usr/lib/x86_64-linux-gnu]
  collapse library dir [/usr/lib/../lib] ==> [/usr/lib]
  collapse library dir [/usr/lib/gcc/x86_64-linux-gnu/4.8/../../..] ==> [/usr/lib]
  implicit libs: [gcc;gcc_s;c;gcc;gcc_s]
  implicit dirs: [/usr/lib/gcc/x86_64-linux-gnu/4.8;/usr/lib/x86_64-linux-gnu;/usr/lib;/lib/x86_64-linux-gnu;/lib]
  implicit fwks: []




Detecting C [-std=c11] compiler features compiled with the following output:
Change Dir: /home/kdq/workspace/KDQ_SLAM/build-ceres_study-Desktop-Default/CMakeFiles/CMakeTmp

Run Build Command:"/usr/bin/make" "cmTC_331fc/fast"
/usr/bin/make -f CMakeFiles/cmTC_331fc.dir/build.make CMakeFiles/cmTC_331fc.dir/build
make[1]: 正在进入目录 `/home/kdq/workspace/KDQ_SLAM/build-ceres_study-Desktop-Default/CMakeFiles/CMakeTmp'
Building C object CMakeFiles/cmTC_331fc.dir/feature_tests.c.o
/usr/bin/gcc   -std=c11 -o CMakeFiles/cmTC_331fc.dir/feature_tests.c.o   -c /home/kdq/workspace/KDQ_SLAM/build-ceres_study-Desktop-Default/CMakeFiles/feature_tests.c
Linking C executable cmTC_331fc
/usr/bin/cmake -E cmake_link_script CMakeFiles/cmTC_331fc.dir/link.txt --verbose=1
/usr/bin/gcc      CMakeFiles/cmTC_331fc.dir/feature_tests.c.o  -o cmTC_331fc 
make[1]:正在离开目录 `/home/kdq/workspace/KDQ_SLAM/build-ceres_study-Desktop-Default/CMakeFiles/CMakeTmp'


    Feature record: C_FEATURE:1c_function_prototypes
    Feature record: C_FEATURE:1c_restrict
    Feature record: C_FEATURE:1c_static_assert
    Feature record: C_FEATURE:1c_variadic_macros


Detecting C [-std=c99] compiler features compiled with the following output:
Change Dir: /home/kdq/workspace/KDQ_SLAM/build-ceres_study-Desktop-Default/CMakeFiles/CMakeTmp

Run Build Command:"/usr/bin/make" "cmTC_ba30c/fast"
/usr/bin/make -f CMakeFiles/cmTC_ba30c.dir/build.make CMakeFiles/cmTC_ba30c.dir/build
make[1]: 正在进入目录 `/home/kdq/workspace/KDQ_SLAM/build-ceres_study-Desktop-Default/CMakeFiles/CMakeTmp'
Building C object CMakeFiles/cmTC_ba30c.dir/feature_tests.c.o
/usr/bin/gcc   -std=c99 -o CMakeFiles/cmTC_ba30c.dir/feature_tests.c.o   -c /home/kdq/workspace/KDQ_SLAM/build-ceres_study-Desktop-Default/CMakeFiles/feature_tests.c
Linking C executable cmTC_ba30c
/usr/bin/cmake -E cmake_link_script CMakeFiles/cmTC_ba30c.dir/link.txt --verbose=1
/usr/bin/gcc      CMakeFiles/cmTC_ba30c.dir/feature_tests.c.o  -o cmTC_ba30c 
make[1]:正在离开目录 `/home/kdq/workspace/KDQ_SLAM/build-ceres_study-Desktop-Default/CMakeFiles/CMakeTmp'


    Feature record: C_FEATURE:1c_function_prototypes
    Feature record: C_FEATURE:1c_restrict
    Feature record: C_FEATURE:0c_static_assert
    Feature record: C_FEATURE:1c_variadic_macros


Detecting C [-std=c90] compiler features compiled with the following output:
Change Dir: /home/kdq/workspace/KDQ_SLAM/build-ceres_study-Desktop-Default/CMakeFiles/CMakeTmp

Run Build Command:"/usr/bin/make" "cmTC_c1a2a/fast"
/usr/bin/make -f CMakeFiles/cmTC_c1a2a.dir/build.make CMakeFiles/cmTC_c1a2a.dir/build
make[1]: 正在进入目录 `/home/kdq/workspace/KDQ_SLAM/build-ceres_study-Desktop-Default/CMakeFiles/CMakeTmp'
Building C object CMakeFiles/cmTC_c1a2a.dir/feature_tests.c.o
/usr/bin/gcc   -std=c90 -o CMakeFiles/cmTC_c1a2a.dir/feature_tests.c.o   -c /home/kdq/workspace/KDQ_SLAM/build-ceres_study-Desktop-Default/CMakeFiles/feature_tests.c
Linking C executable cmTC_c1a2a
/usr/bin/cmake -E cmake_link_script CMakeFiles/cmTC_c1a2a.dir/link.txt --verbose=1
/usr/bin/gcc      CMakeFiles/cmTC_c1a2a.dir/feature_tests.c.o  -o cmTC_c1a2a 
make[1]:正在离开目录 `/home/kdq/workspace/KDQ_SLAM/build-ceres_study-Desktop-Default/CMakeFiles/CMakeTmp'


    Feature record: C_FEATURE:1c_function_prototypes
    Feature record: C_FEATURE:0c_restrict
    Feature record: C_FEATURE:0c_static_assert
    Feature record: C_FEATURE:0c_variadic_macros
Determining if the CXX compiler works passed with the following output:
Change Dir: /home/kdq/workspace/KDQ_SLAM/build-ceres_study-Desktop-Default/CMakeFiles/CMakeTmp

Run Build Command:"/usr/bin/make" "cmTC_a2631/fast"
/usr/bin/make -f CMakeFiles/cmTC_a2631.dir/build.make CMakeFiles/cmTC_a2631.dir/build
make[1]: 正在进入目录 `/home/kdq/workspace/KDQ_SLAM/build-ceres_study-Desktop-Default/CMakeFiles/CMakeTmp'
Building CXX object CMakeFiles/cmTC_a2631.dir/testCXXCompiler.cxx.o
/usr/bin/g++    -std=c++11 -O3    -o CMakeFiles/cmTC_a2631.dir/testCXXCompiler.cxx.o -c /home/kdq/workspace/KDQ_SLAM/build-ceres_study-Desktop-Default/CMakeFiles/CMakeTmp/testCXXCompiler.cxx
Linking CXX executable cmTC_a2631
/usr/bin/cmake -E cmake_link_script CMakeFiles/cmTC_a2631.dir/link.txt --verbose=1
/usr/bin/g++  -std=c++11 -O3     CMakeFiles/cmTC_a2631.dir/testCXXCompiler.cxx.o  -o cmTC_a2631 
make[1]:正在离开目录 `/home/kdq/workspace/KDQ_SLAM/build-ceres_study-Desktop-Default/CMakeFiles/CMakeTmp'


Detecting CXX compiler ABI info compiled with the following output:
Change Dir: /home/kdq/workspace/KDQ_SLAM/build-ceres_study-Desktop-Default/CMakeFiles/CMakeTmp

Run Build Command:"/usr/bin/make" "cmTC_e9710/fast"
/usr/bin/make -f CMakeFiles/cmTC_e9710.dir/build.make CMakeFiles/cmTC_e9710.dir/build
make[1]: 正在进入目录 `/home/kdq/workspace/KDQ_SLAM/build-ceres_study-Desktop-Default/CMakeFiles/CMakeTmp'
Building CXX object CMakeFiles/cmTC_e9710.dir/CMakeCXXCompilerABI.cpp.o
/usr/bin/g++    -std=c++11 -O3    -o CMakeFiles/cmTC_e9710.dir/CMakeCXXCompilerABI.cpp.o -c /usr/share/cmake-3.11/Modules/CMakeCXXCompilerABI.cpp
Linking CXX executable cmTC_e9710
/usr/bin/cmake -E cmake_link_script CMakeFiles/cmTC_e9710.dir/link.txt --verbose=1
/usr/bin/g++  -std=c++11 -O3    -v CMakeFiles/cmTC_e9710.dir/CMakeCXXCompilerABI.cpp.o  -o cmTC_e9710 
Using built-in specs.
COLLECT_GCC=/usr/bin/g++
COLLECT_LTO_WRAPPER=/usr/lib/gcc/x86_64-linux-gnu/4.8/lto-wrapper
Target: x86_64-linux-gnu
Configured with: ../src/configure -v --with-pkgversion='Ubuntu 4.8.5-4ubuntu8~14.04.2' --with-bugurl=file:///usr/share/doc/gcc-4.8/README.Bugs --enable-languages=c,c++,java,go,d,fortran,objc,obj-c++ --prefix=/usr --program-suffix=-4.8 --enable-shared --enable-linker-build-id --libexecdir=/usr/lib --without-included-gettext --enable-threads=posix --with-gxx-include-dir=/usr/include/c++/4.8 --libdir=/usr/lib --enable-nls --with-sysroot=/ --enable-clocale=gnu --enable-libstdcxx-debug --enable-libstdcxx-time=yes --enable-gnu-unique-object --disable-libmudflap --enable-plugin --with-system-zlib --disable-browser-plugin --enable-java-awt=gtk --enable-gtk-cairo --with-java-home=/usr/lib/jvm/java-1.5.0-gcj-4.8-amd64/jre --enable-java-home --with-jvm-root-dir=/usr/lib/jvm/java-1.5.0-gcj-4.8-amd64 --with-jvm-jar-dir=/usr/lib/jvm-exports/java-1.5.0-gcj-4.8-amd64 --with-arch-directory=amd64 --with-ecj-jar=/usr/share/java/eclipse-ecj.jar --enable-objc-gc --enable-multiarch --disable-werror --with-arch-32=i686 --with-abi=m64 --with-multilib-list=m32,m64,mx32 --with-tune=generic --enable-checking=release --build=x86_64-linux-gnu --host=x86_64-linux-gnu --target=x86_64-linux-gnu
Thread model: posix
gcc version 4.8.5 (Ubuntu 4.8.5-4ubuntu8~14.04.2) 
COMPILER_PATH=/usr/lib/gcc/x86_64-linux-gnu/4.8/:/usr/lib/gcc/x86_64-linux-gnu/4.8/:/usr/lib/gcc/x86_64-linux-gnu/:/usr/lib/gcc/x86_64-linux-gnu/4.8/:/usr/lib/gcc/x86_64-linux-gnu/
LIBRARY_PATH=/usr/lib/gcc/x86_64-linux-gnu/4.8/:/usr/lib/gcc/x86_64-linux-gnu/4.8/../../../x86_64-linux-gnu/:/usr/lib/gcc/x86_64-linux-gnu/4.8/../../../../lib/:/lib/x86_64-linux-gnu/:/lib/../lib/:/usr/lib/x86_64-linux-gnu/:/usr/lib/../lib/:/usr/lib/gcc/x86_64-linux-gnu/4.8/../../../:/lib/:/usr/lib/
COLLECT_GCC_OPTIONS='-std=c++11' '-O3' '-v' '-o' 'cmTC_e9710' '-shared-libgcc' '-mtune=generic' '-march=x86-64'
 /usr/lib/gcc/x86_64-linux-gnu/4.8/collect2 --sysroot=/ --build-id --eh-frame-hdr -m elf_x86_64 --hash-style=gnu --as-needed -dynamic-linker /lib64/ld-linux-x86-64.so.2 -z relro -o cmTC_e9710 /usr/lib/gcc/x86_64-linux-gnu/4.8/../../../x86_64-linux-gnu/crt1.o /usr/lib/gcc/x86_64-linux-gnu/4.8/../../../x86_64-linux-gnu/crti.o /usr/lib/gcc/x86_64-linux-gnu/4.8/crtbegin.o -L/usr/lib/gcc/x86_64-linux-gnu/4.8 -L/usr/lib/gcc/x86_64-linux-gnu/4.8/../../../x86_64-linux-gnu -L/usr/lib/gcc/x86_64-linux-gnu/4.8/../../../../lib -L/lib/x86_64-linux-gnu -L/lib/../lib -L/usr/lib/x86_64-linux-gnu -L/usr/lib/../lib -L/usr/lib/gcc/x86_64-linux-gnu/4.8/../../.. CMakeFiles/cmTC_e9710.dir/CMakeCXXCompilerABI.cpp.o -lstdc++ -lm -lgcc_s -lgcc -lc -lgcc_s -lgcc /usr/lib/gcc/x86_64-linux-gnu/4.8/crtend.o /usr/lib/gcc/x86_64-linux-gnu/4.8/../../../x86_64-linux-gnu/crtn.o
make[1]:正在离开目录 `/home/kdq/workspace/KDQ_SLAM/build-ceres_study-Desktop-Default/CMakeFiles/CMakeTmp'


Parsed CXX implicit link information from above output:
  link line regex: [^( *|.*[/\])(ld|CMAKE_LINK_STARTFILE-NOTFOUND|([^/\]+-)?ld|collect2)[^/\]*( |$)]
  ignore line: [Change Dir: /home/kdq/workspace/KDQ_SLAM/build-ceres_study-Desktop-Default/CMakeFiles/CMakeTmp]
  ignore line: []
  ignore line: [Run Build Command:"/usr/bin/make" "cmTC_e9710/fast"]
  ignore line: [/usr/bin/make -f CMakeFiles/cmTC_e9710.dir/build.make CMakeFiles/cmTC_e9710.dir/build]
  ignore line: [make[1]: 正在进入目录 `/home/kdq/workspace/KDQ_SLAM/build-ceres_study-Desktop-Default/CMakeFiles/CMakeTmp']
  ignore line: [Building CXX object CMakeFiles/cmTC_e9710.dir/CMakeCXXCompilerABI.cpp.o]
  ignore line: [/usr/bin/g++    -std=c++11 -O3    -o CMakeFiles/cmTC_e9710.dir/CMakeCXXCompilerABI.cpp.o -c /usr/share/cmake-3.11/Modules/CMakeCXXCompilerABI.cpp]
  ignore line: [Linking CXX executable cmTC_e9710]
  ignore line: [/usr/bin/cmake -E cmake_link_script CMakeFiles/cmTC_e9710.dir/link.txt --verbose=1]
  ignore line: [/usr/bin/g++  -std=c++11 -O3    -v CMakeFiles/cmTC_e9710.dir/CMakeCXXCompilerABI.cpp.o  -o cmTC_e9710 ]
  ignore line: [Using built-in specs.]
  ignore line: [COLLECT_GCC=/usr/bin/g++]
  ignore line: [COLLECT_LTO_WRAPPER=/usr/lib/gcc/x86_64-linux-gnu/4.8/lto-wrapper]
  ignore line: [Target: x86_64-linux-gnu]
  ignore line: [Configured with: ../src/configure -v --with-pkgversion='Ubuntu 4.8.5-4ubuntu8~14.04.2' --with-bugurl=file:///usr/share/doc/gcc-4.8/README.Bugs --enable-languages=c,c++,java,go,d,fortran,objc,obj-c++ --prefix=/usr --program-suffix=-4.8 --enable-shared --enable-linker-build-id --libexecdir=/usr/lib --without-included-gettext --enable-threads=posix --with-gxx-include-dir=/usr/include/c++/4.8 --libdir=/usr/lib --enable-nls --with-sysroot=/ --enable-clocale=gnu --enable-libstdcxx-debug --enable-libstdcxx-time=yes --enable-gnu-unique-object --disable-libmudflap --enable-plugin --with-system-zlib --disable-browser-plugin --enable-java-awt=gtk --enable-gtk-cairo --with-java-home=/usr/lib/jvm/java-1.5.0-gcj-4.8-amd64/jre --enable-java-home --with-jvm-root-dir=/usr/lib/jvm/java-1.5.0-gcj-4.8-amd64 --with-jvm-jar-dir=/usr/lib/jvm-exports/java-1.5.0-gcj-4.8-amd64 --with-arch-directory=amd64 --with-ecj-jar=/usr/share/java/eclipse-ecj.jar --enable-objc-gc --enable-multiarch --disable-werror --with-arch-32=i686 --with-abi=m64 --with-multilib-list=m32,m64,mx32 --with-tune=generic --enable-checking=release --build=x86_64-linux-gnu --host=x86_64-linux-gnu --target=x86_64-linux-gnu]
  ignore line: [Thread model: posix]
  ignore line: [gcc version 4.8.5 (Ubuntu 4.8.5-4ubuntu8~14.04.2) ]
  ignore line: [COMPILER_PATH=/usr/lib/gcc/x86_64-linux-gnu/4.8/:/usr/lib/gcc/x86_64-linux-gnu/4.8/:/usr/lib/gcc/x86_64-linux-gnu/:/usr/lib/gcc/x86_64-linux-gnu/4.8/:/usr/lib/gcc/x86_64-linux-gnu/]
  ignore line: [LIBRARY_PATH=/usr/lib/gcc/x86_64-linux-gnu/4.8/:/usr/lib/gcc/x86_64-linux-gnu/4.8/../../../x86_64-linux-gnu/:/usr/lib/gcc/x86_64-linux-gnu/4.8/../../../../lib/:/lib/x86_64-linux-gnu/:/lib/../lib/:/usr/lib/x86_64-linux-gnu/:/usr/lib/../lib/:/usr/lib/gcc/x86_64-linux-gnu/4.8/../../../:/lib/:/usr/lib/]
  ignore line: [COLLECT_GCC_OPTIONS='-std=c++11' '-O3' '-v' '-o' 'cmTC_e9710' '-shared-libgcc' '-mtune=generic' '-march=x86-64']
  link line: [ /usr/lib/gcc/x86_64-linux-gnu/4.8/collect2 --sysroot=/ --build-id --eh-frame-hdr -m elf_x86_64 --hash-style=gnu --as-needed -dynamic-linker /lib64/ld-linux-x86-64.so.2 -z relro -o cmTC_e9710 /usr/lib/gcc/x86_64-linux-gnu/4.8/../../../x86_64-linux-gnu/crt1.o /usr/lib/gcc/x86_64-linux-gnu/4.8/../../../x86_64-linux-gnu/crti.o /usr/lib/gcc/x86_64-linux-gnu/4.8/crtbegin.o -L/usr/lib/gcc/x86_64-linux-gnu/4.8 -L/usr/lib/gcc/x86_64-linux-gnu/4.8/../../../x86_64-linux-gnu -L/usr/lib/gcc/x86_64-linux-gnu/4.8/../../../../lib -L/lib/x86_64-linux-gnu -L/lib/../lib -L/usr/lib/x86_64-linux-gnu -L/usr/lib/../lib -L/usr/lib/gcc/x86_64-linux-gnu/4.8/../../.. CMakeFiles/cmTC_e9710.dir/CMakeCXXCompilerABI.cpp.o -lstdc++ -lm -lgcc_s -lgcc -lc -lgcc_s -lgcc /usr/lib/gcc/x86_64-linux-gnu/4.8/crtend.o /usr/lib/gcc/x86_64-linux-gnu/4.8/../../../x86_64-linux-gnu/crtn.o]
    arg [/usr/lib/gcc/x86_64-linux-gnu/4.8/collect2] ==> ignore
    arg [--sysroot=/] ==> ignore
    arg [--build-id] ==> ignore
    arg [--eh-frame-hdr] ==> ignore
    arg [-m] ==> ignore
    arg [elf_x86_64] ==> ignore
    arg [--hash-style=gnu] ==> ignore
    arg [--as-needed] ==> ignore
    arg [-dynamic-linker] ==> ignore
    arg [/lib64/ld-linux-x86-64.so.2] ==> ignore
    arg [-zrelro] ==> ignore
    arg [-o] ==> ignore
    arg [cmTC_e9710] ==> ignore
    arg [/usr/lib/gcc/x86_64-linux-gnu/4.8/../../../x86_64-linux-gnu/crt1.o] ==> ignore
    arg [/usr/lib/gcc/x86_64-linux-gnu/4.8/../../../x86_64-linux-gnu/crti.o] ==> ignore
    arg [/usr/lib/gcc/x86_64-linux-gnu/4.8/crtbegin.o] ==> ignore
    arg [-L/usr/lib/gcc/x86_64-linux-gnu/4.8] ==> dir [/usr/lib/gcc/x86_64-linux-gnu/4.8]
    arg [-L/usr/lib/gcc/x86_64-linux-gnu/4.8/../../../x86_64-linux-gnu] ==> dir [/usr/lib/gcc/x86_64-linux-gnu/4.8/../../../x86_64-linux-gnu]
    arg [-L/usr/lib/gcc/x86_64-linux-gnu/4.8/../../../../lib] ==> dir [/usr/lib/gcc/x86_64-linux-gnu/4.8/../../../../lib]
    arg [-L/lib/x86_64-linux-gnu] ==> dir [/lib/x86_64-linux-gnu]
    arg [-L/lib/../lib] ==> dir [/lib/../lib]
    arg [-L/usr/lib/x86_64-linux-gnu] ==> dir [/usr/lib/x86_64-linux-gnu]
    arg [-L/usr/lib/../lib] ==> dir [/usr/lib/../lib]
    arg [-L/usr/lib/gcc/x86_64-linux-gnu/4.8/../../..] ==> dir [/usr/lib/gcc/x86_64-linux-gnu/4.8/../../..]
    arg [CMakeFiles/cmTC_e9710.dir/CMakeCXXCompilerABI.cpp.o] ==> ignore
    arg [-lstdc++] ==> lib [stdc++]
    arg [-lm] ==> lib [m]
    arg [-lgcc_s] ==> lib [gcc_s]
    arg [-lgcc] ==> lib [gcc]
    arg [-lc] ==> lib [c]
    arg [-lgcc_s] ==> lib [gcc_s]
    arg [-lgcc] ==> lib [gcc]
    arg [/usr/lib/gcc/x86_64-linux-gnu/4.8/crtend.o] ==> ignore
    arg [/usr/lib/gcc/x86_64-linux-gnu/4.8/../../../x86_64-linux-gnu/crtn.o] ==> ignore
  collapse library dir [/usr/lib/gcc/x86_64-linux-gnu/4.8] ==> [/usr/lib/gcc/x86_64-linux-gnu/4.8]
  collapse library dir [/usr/lib/gcc/x86_64-linux-gnu/4.8/../../../x86_64-linux-gnu] ==> [/usr/lib/x86_64-linux-gnu]
  collapse library dir [/usr/lib/gcc/x86_64-linux-gnu/4.8/../../../../lib] ==> [/usr/lib]
  collapse library dir [/lib/x86_64-linux-gnu] ==> [/lib/x86_64-linux-gnu]
  collapse library dir [/lib/../lib] ==> [/lib]
  collapse library dir [/usr/lib/x86_64-linux-gnu] ==> [/usr/lib/x86_64-linux-gnu]
  collapse library dir [/usr/lib/../lib] ==> [/usr/lib]
  collapse library dir [/usr/lib/gcc/x86_64-linux-gnu/4.8/../../..] ==> [/usr/lib]
  implicit libs: [stdc++;m;gcc_s;gcc;c;gcc_s;gcc]
  implicit dirs: [/usr/lib/gcc/x86_64-linux-gnu/4.8;/usr/lib/x86_64-linux-gnu;/usr/lib;/lib/x86_64-linux-gnu;/lib]
  implicit fwks: []




Detecting CXX [-std=c++1y] compiler features compiled with the following output:
Change Dir: /home/kdq/workspace/KDQ_SLAM/build-ceres_study-Desktop-Default/CMakeFiles/CMakeTmp

Run Build Command:"/usr/bin/make" "cmTC_b6614/fast"
/usr/bin/make -f CMakeFiles/cmTC_b6614.dir/build.make CMakeFiles/cmTC_b6614.dir/build
make[1]: 正在进入目录 `/home/kdq/workspace/KDQ_SLAM/build-ceres_study-Desktop-Default/CMakeFiles/CMakeTmp'
Building CXX object CMakeFiles/cmTC_b6614.dir/feature_tests.cxx.o
/usr/bin/g++    -std=c++11 -O3    -std=c++1y -o CMakeFiles/cmTC_b6614.dir/feature_tests.cxx.o -c /home/kdq/workspace/KDQ_SLAM/build-ceres_study-Desktop-Default/CMakeFiles/feature_tests.cxx
Linking CXX executable cmTC_b6614
/usr/bin/cmake -E cmake_link_script CMakeFiles/cmTC_b6614.dir/link.txt --verbose=1
/usr/bin/g++  -std=c++11 -O3     CMakeFiles/cmTC_b6614.dir/feature_tests.cxx.o  -o cmTC_b6614 
make[1]:正在离开目录 `/home/kdq/workspace/KDQ_SLAM/build-ceres_study-Desktop-Default/CMakeFiles/CMakeTmp'


    Feature record: CXX_FEATURE:0cxx_aggregate_default_initializers
    Feature record: CXX_FEATURE:1cxx_alias_templates
    Feature record: CXX_FEATURE:1cxx_alignas
    Feature record: CXX_FEATURE:1cxx_alignof
    Feature record: CXX_FEATURE:1cxx_attributes
    Feature record: CXX_FEATURE:0cxx_attribute_deprecated
    Feature record: CXX_FEATURE:1cxx_auto_type
    Feature record: CXX_FEATURE:0cxx_binary_literals
    Feature record: CXX_FEATURE:1cxx_constexpr
    Feature record: CXX_FEATURE:0cxx_contextual_conversions
    Feature record: CXX_FEATURE:1cxx_decltype
    Feature record: CXX_FEATURE:0cxx_decltype_auto
    Feature record: CXX_FEATURE:1cxx_decltype_incomplete_return_types
    Feature record: CXX_FEATURE:1cxx_default_function_template_args
    Feature record: CXX_FEATURE:1cxx_defaulted_functions
    Feature record: CXX_FEATURE:1cxx_defaulted_move_initializers
    Feature record: CXX_FEATURE:1cxx_delegating_constructors
    Feature record: CXX_FEATURE:1cxx_deleted_functions
    Feature record: CXX_FEATURE:0cxx_digit_separators
    Feature record: CXX_FEATURE:1cxx_enum_forward_declarations
    Feature record: CXX_FEATURE:1cxx_explicit_conversions
    Feature record: CXX_FEATURE:1cxx_extended_friend_declarations
    Feature record: CXX_FEATURE:1cxx_extern_templates
    Feature record: CXX_FEATURE:1cxx_final
    Feature record: CXX_FEATURE:1cxx_func_identifier
    Feature record: CXX_FEATURE:1cxx_generalized_initializers
    Feature record: CXX_FEATURE:0cxx_generic_lambdas
    Feature record: CXX_FEATURE:1cxx_inheriting_constructors
    Feature record: CXX_FEATURE:1cxx_inline_namespaces
    Feature record: CXX_FEATURE:1cxx_lambdas
    Feature record: CXX_FEATURE:0cxx_lambda_init_captures
    Feature record: CXX_FEATURE:1cxx_local_type_template_args
    Feature record: CXX_FEATURE:1cxx_long_long_type
    Feature record: CXX_FEATURE:1cxx_noexcept
    Feature record: CXX_FEATURE:1cxx_nonstatic_member_init
    Feature record: CXX_FEATURE:1cxx_nullptr
    Feature record: CXX_FEATURE:1cxx_override
    Feature record: CXX_FEATURE:1cxx_range_for
    Feature record: CXX_FEATURE:1cxx_raw_string_literals
    Feature record: CXX_FEATURE:1cxx_reference_qualified_functions
    Feature record: CXX_FEATURE:0cxx_relaxed_constexpr
    Feature record: CXX_FEATURE:0cxx_return_type_deduction
    Feature record: CXX_FEATURE:1cxx_right_angle_brackets
    Feature record: CXX_FEATURE:1cxx_rvalue_references
    Feature record: CXX_FEATURE:1cxx_sizeof_member
    Feature record: CXX_FEATURE:1cxx_static_assert
    Feature record: CXX_FEATURE:1cxx_strong_enums
    Feature record: CXX_FEATURE:1cxx_template_template_parameters
    Feature record: CXX_FEATURE:1cxx_thread_local
    Feature record: CXX_FEATURE:1cxx_trailing_return_types
    Feature record: CXX_FEATURE:1cxx_unicode_literals
    Feature record: CXX_FEATURE:1cxx_uniform_initialization
    Feature record: CXX_FEATURE:1cxx_unrestricted_unions
    Feature record: CXX_FEATURE:1cxx_user_literals
    Feature record: CXX_FEATURE:0cxx_variable_templates
    Feature record: CXX_FEATURE:1cxx_variadic_macros
    Feature record: CXX_FEATURE:1cxx_variadic_templates


Detecting CXX [-std=c++11] compiler features compiled with the following output:
Change Dir: /home/kdq/workspace/KDQ_SLAM/build-ceres_study-Desktop-Default/CMakeFiles/CMakeTmp

Run Build Command:"/usr/bin/make" "cmTC_86223/fast"
/usr/bin/make -f CMakeFiles/cmTC_86223.dir/build.make CMakeFiles/cmTC_86223.dir/build
make[1]: 正在进入目录 `/home/kdq/workspace/KDQ_SLAM/build-ceres_study-Desktop-Default/CMakeFiles/CMakeTmp'
Building CXX object CMakeFiles/cmTC_86223.dir/feature_tests.cxx.o
/usr/bin/g++    -std=c++11 -O3    -std=c++11 -o CMakeFiles/cmTC_86223.dir/feature_tests.cxx.o -c /home/kdq/workspace/KDQ_SLAM/build-ceres_study-Desktop-Default/CMakeFiles/feature_tests.cxx
Linking CXX executable cmTC_86223
/usr/bin/cmake -E cmake_link_script CMakeFiles/cmTC_86223.dir/link.txt --verbose=1
/usr/bin/g++  -std=c++11 -O3     CMakeFiles/cmTC_86223.dir/feature_tests.cxx.o  -o cmTC_86223 
make[1]:正在离开目录 `/home/kdq/workspace/KDQ_SLAM/build-ceres_study-Desktop-Default/CMakeFiles/CMakeTmp'


    Feature record: CXX_FEATURE:0cxx_aggregate_default_initializers
    Feature record: CXX_FEATURE:1cxx_alias_templates
    Feature record: CXX_FEATURE:1cxx_alignas
    Feature record: CXX_FEATURE:1cxx_alignof
    Feature record: CXX_FEATURE:1cxx_attributes
    Feature record: CXX_FEATURE:0cxx_attribute_deprecated
    Feature record: CXX_FEATURE:1cxx_auto_type
    Feature record: CXX_FEATURE:0cxx_binary_literals
    Feature record: CXX_FEATURE:1cxx_constexpr
    Feature record: CXX_FEATURE:0cxx_contextual_conversions
    Feature record: CXX_FEATURE:1cxx_decltype
    Feature record: CXX_FEATURE:0cxx_decltype_auto
    Feature record: CXX_FEATURE:1cxx_decltype_incomplete_return_types
    Feature record: CXX_FEATURE:1cxx_default_function_template_args
    Feature record: CXX_FEATURE:1cxx_defaulted_functions
    Feature record: CXX_FEATURE:1cxx_defaulted_move_initializers
    Feature record: CXX_FEATURE:1cxx_delegating_constructors
    Feature record: CXX_FEATURE:1cxx_deleted_functions
    Feature record: CXX_FEATURE:0cxx_digit_separators
    Feature record: CXX_FEATURE:1cxx_enum_forward_declarations
    Feature record: CXX_FEATURE:1cxx_explicit_conversions
    Feature record: CXX_FEATURE:1cxx_extended_friend_declarations
    Feature record: CXX_FEATURE:1cxx_extern_templates
    Feature record: CXX_FEATURE:1cxx_final
    Feature record: CXX_FEATURE:1cxx_func_identifier
    Feature record: CXX_FEATURE:1cxx_generalized_initializers
    Feature record: CXX_FEATURE:0cxx_generic_lambdas
    Feature record: CXX_FEATURE:1cxx_inheriting_constructors
    Feature record: CXX_FEATURE:1cxx_inline_namespaces
    Feature record: CXX_FEATURE:1cxx_lambdas
    Feature record: CXX_FEATURE:0cxx_lambda_init_captures
    Feature record: CXX_FEATURE:1cxx_local_type_template_args
    Feature record: CXX_FEATURE:1cxx_long_long_type
    Feature record: CXX_FEATURE:1cxx_noexcept
    Feature record: CXX_FEATURE:1cxx_nonstatic_member_init
    Feature record: CXX_FEATURE:1cxx_nullptr
    Feature record: CXX_FEATURE:1cxx_override
    Feature record: CXX_FEATURE:1cxx_range_for
    Feature record: CXX_FEATURE:1cxx_raw_string_literals
    Feature record: CXX_FEATURE:1cxx_reference_qualified_functions
    Feature record: CXX_FEATURE:0cxx_relaxed_constexpr
    Feature record: CXX_FEATURE:0cxx_return_type_deduction
    Feature record: CXX_FEATURE:1cxx_right_angle_brackets
    Feature record: CXX_FEATURE:1cxx_rvalue_references
    Feature record: CXX_FEATURE:1cxx_sizeof_member
    Feature record: CXX_FEATURE:1cxx_static_assert
    Feature record: CXX_FEATURE:1cxx_strong_enums
    Feature record: CXX_FEATURE:1cxx_template_template_parameters
    Feature record: CXX_FEATURE:1cxx_thread_local
    Feature record: CXX_FEATURE:1cxx_trailing_return_types
    Feature record: CXX_FEATURE:1cxx_unicode_literals
    Feature record: CXX_FEATURE:1cxx_uniform_initialization
    Feature record: CXX_FEATURE:1cxx_unrestricted_unions
    Feature record: CXX_FEATURE:1cxx_user_literals
    Feature record: CXX_FEATURE:0cxx_variable_templates
    Feature record: CXX_FEATURE:1cxx_variadic_macros
    Feature record: CXX_FEATURE:1cxx_variadic_templates


Detecting CXX [-std=c++98] compiler features compiled with the following output:
Change Dir: /home/kdq/workspace/KDQ_SLAM/build-ceres_study-Desktop-Default/CMakeFiles/CMakeTmp

Run Build Command:"/usr/bin/make" "cmTC_69a8a/fast"
/usr/bin/make -f CMakeFiles/cmTC_69a8a.dir/build.make CMakeFiles/cmTC_69a8a.dir/build
make[1]: 正在进入目录 `/home/kdq/workspace/KDQ_SLAM/build-ceres_study-Desktop-Default/CMakeFiles/CMakeTmp'
Building CXX object CMakeFiles/cmTC_69a8a.dir/feature_tests.cxx.o
/usr/bin/g++    -std=c++11 -O3    -std=c++98 -o CMakeFiles/cmTC_69a8a.dir/feature_tests.cxx.o -c /home/kdq/workspace/KDQ_SLAM/build-ceres_study-Desktop-Default/CMakeFiles/feature_tests.cxx
Linking CXX executable cmTC_69a8a
/usr/bin/cmake -E cmake_link_script CMakeFiles/cmTC_69a8a.dir/link.txt --verbose=1
/usr/bin/g++  -std=c++11 -O3     CMakeFiles/cmTC_69a8a.dir/feature_tests.cxx.o  -o cmTC_69a8a 
make[1]:正在离开目录 `/home/kdq/workspace/KDQ_SLAM/build-ceres_study-Desktop-Default/CMakeFiles/CMakeTmp'


    Feature record: CXX_FEATURE:0cxx_aggregate_default_initializers
    Feature record: CXX_FEATURE:0cxx_alias_templates
    Feature record: CXX_FEATURE:0cxx_alignas
    Feature record: CXX_FEATURE:0cxx_alignof
    Feature record: CXX_FEATURE:0cxx_attributes
    Feature record: CXX_FEATURE:0cxx_attribute_deprecated
    Feature record: CXX_FEATURE:0cxx_auto_type
    Feature record: CXX_FEATURE:0cxx_binary_literals
    Feature record: CXX_FEATURE:0cxx_constexpr
    Feature record: CXX_FEATURE:0cxx_contextual_conversions
    Feature record: CXX_FEATURE:0cxx_decltype
    Feature record: CXX_FEATURE:0cxx_decltype_auto
    Feature record: CXX_FEATURE:0cxx_decltype_incomplete_return_types
    Feature record: CXX_FEATURE:0cxx_default_function_template_args
    Feature record: CXX_FEATURE:0cxx_defaulted_functions
    Feature record: CXX_FEATURE:0cxx_defaulted_move_initializers
    Feature record: CXX_FEATURE:0cxx_delegating_constructors
    Feature record: CXX_FEATURE:0cxx_deleted_functions
    Feature record: CXX_FEATURE:0cxx_digit_separators
    Feature record: CXX_FEATURE:0cxx_enum_forward_declarations
    Feature record: CXX_FEATURE:0cxx_explicit_conversions
    Feature record: CXX_FEATURE:0cxx_extended_friend_declarations
    Feature record: CXX_FEATURE:0cxx_extern_templates
    Feature record: CXX_FEATURE:0cxx_final
    Feature record: CXX_FEATURE:0cxx_func_identifier
    Feature record: CXX_FEATURE:0cxx_generalized_initializers
    Feature record: CXX_FEATURE:0cxx_generic_lambdas
    Feature record: CXX_FEATURE:0cxx_inheriting_constructors
    Feature record: CXX_FEATURE:0cxx_inline_namespaces
    Feature record: CXX_FEATURE:0cxx_lambdas
    Feature record: CXX_FEATURE:0cxx_lambda_init_captures
    Feature record: CXX_FEATURE:0cxx_local_type_template_args
    Feature record: CXX_FEATURE:0cxx_long_long_type
    Feature record: CXX_FEATURE:0cxx_noexcept
    Feature record: CXX_FEATURE:0cxx_nonstatic_member_init
    Feature record: CXX_FEATURE:0cxx_nullptr
    Feature record: CXX_FEATURE:0cxx_override
    Feature record: CXX_FEATURE:0cxx_range_for
    Feature record: CXX_FEATURE:0cxx_raw_string_literals
    Feature record: CXX_FEATURE:0cxx_reference_qualified_functions
    Feature record: CXX_FEATURE:0cxx_relaxed_constexpr
    Feature record: CXX_FEATURE:0cxx_return_type_deduction
    Feature record: CXX_FEATURE:0cxx_right_angle_brackets
    Feature record: CXX_FEATURE:0cxx_rvalue_references
    Feature record: CXX_FEATURE:0cxx_sizeof_member
    Feature record: CXX_FEATURE:0cxx_static_assert
    Feature record: CXX_FEATURE:0cxx_strong_enums
    Feature record: CXX_FEATURE:1cxx_template_template_parameters
    Feature record: CXX_FEATURE:0cxx_thread_local
    Feature record: CXX_FEATURE:0cxx_trailing_return_types
    Feature record: CXX_FEATURE:0cxx_unicode_literals
    Feature record: CXX_FEATURE:0cxx_uniform_initialization
    Feature record: CXX_FEATURE:0cxx_unrestricted_unions
    Feature record: CXX_FEATURE:0cxx_user_literals
    Feature record: CXX_FEATURE:0cxx_variable_templates
    Feature record: CXX_FEATURE:0cxx_variadic_macros
    Feature record: CXX_FEATURE:0cxx_variadic_templates
Determining if the include file pthread.h exists passed with the following output:
Change Dir: /home/kdq/workspace/KDQ_SLAM/build-ceres_study-Desktop-Default/CMakeFiles/CMakeTmp

Run Build Command:"/usr/bin/make" "cmTC_94860/fast"
/usr/bin/make -f CMakeFiles/cmTC_94860.dir/build.make CMakeFiles/cmTC_94860.dir/build
make[1]: 正在进入目录 `/home/kdq/workspace/KDQ_SLAM/build-ceres_study-Desktop-Default/CMakeFiles/CMakeTmp'
Building C object CMakeFiles/cmTC_94860.dir/CheckIncludeFile.c.o
/usr/bin/gcc    -o CMakeFiles/cmTC_94860.dir/CheckIncludeFile.c.o   -c /home/kdq/workspace/KDQ_SLAM/build-ceres_study-Desktop-Default/CMakeFiles/CMakeTmp/CheckIncludeFile.c
Linking C executable cmTC_94860
/usr/bin/cmake -E cmake_link_script CMakeFiles/cmTC_94860.dir/link.txt --verbose=1
/usr/bin/gcc      CMakeFiles/cmTC_94860.dir/CheckIncludeFile.c.o  -o cmTC_94860 
make[1]:正在离开目录 `/home/kdq/workspace/KDQ_SLAM/build-ceres_study-Desktop-Default/CMakeFiles/CMakeTmp'


Determining if the function pthread_create exists in the pthread passed with the following output:
Change Dir: /home/kdq/workspace/KDQ_SLAM/build-ceres_study-Desktop-Default/CMakeFiles/CMakeTmp

Run Build Command:"/usr/bin/make" "cmTC_3b99a/fast"
/usr/bin/make -f CMakeFiles/cmTC_3b99a.dir/build.make CMakeFiles/cmTC_3b99a.dir/build
make[1]: 正在进入目录 `/home/kdq/workspace/KDQ_SLAM/build-ceres_study-Desktop-Default/CMakeFiles/CMakeTmp'
Building C object CMakeFiles/cmTC_3b99a.dir/CheckFunctionExists.c.o
/usr/bin/gcc   -DCHECK_FUNCTION_EXISTS=pthread_create   -o CMakeFiles/cmTC_3b99a.dir/CheckFunctionExists.c.o   -c /usr/share/cmake-3.11/Modules/CheckFunctionExists.c
Linking C executable cmTC_3b99a
/usr/bin/cmake -E cmake_link_script CMakeFiles/cmTC_3b99a.dir/link.txt --verbose=1
/usr/bin/gcc  -DCHECK_FUNCTION_EXISTS=pthread_create    CMakeFiles/cmTC_3b99a.dir/CheckFunctionExists.c.o  -o cmTC_3b99a -lpthread 
make[1]:正在离开目录 `/home/kdq/workspace/KDQ_SLAM/build-ceres_study-Desktop-Default/CMakeFiles/CMakeTmp'


Performing C++ SOURCE FILE Test GFLAGS_IN_GOOGLE_NAMESPACE succeeded with the following output:
Change Dir: /home/kdq/workspace/KDQ_SLAM/build-ceres_study-Desktop-Default/CMakeFiles/CMakeTmp

Run Build Command:"/usr/bin/make" "cmTC_32b15/fast"
/usr/bin/make -f CMakeFiles/cmTC_32b15.dir/build.make CMakeFiles/cmTC_32b15.dir/build
make[1]: 正在进入目录 `/home/kdq/workspace/KDQ_SLAM/build-ceres_study-Desktop-Default/CMakeFiles/CMakeTmp'
Building CXX object CMakeFiles/cmTC_32b15.dir/src.cxx.o
/usr/bin/g++    -std=c++11 -O3 -DGFLAGS_IN_GOOGLE_NAMESPACE   -o CMakeFiles/cmTC_32b15.dir/src.cxx.o -c /home/kdq/workspace/KDQ_SLAM/build-ceres_study-Desktop-Default/CMakeFiles/CMakeTmp/src.cxx
Linking CXX executable cmTC_32b15
/usr/bin/cmake -E cmake_link_script CMakeFiles/cmTC_32b15.dir/link.txt --verbose=1
/usr/bin/g++  -std=c++11 -O3 -DGFLAGS_IN_GOOGLE_NAMESPACE    CMakeFiles/cmTC_32b15.dir/src.cxx.o  -o cmTC_32b15 /usr/lib/x86_64-linux-gnu/libgflags.so -lpthread 
make[1]:正在离开目录 `/home/kdq/workspace/KDQ_SLAM/build-ceres_study-Desktop-Default/CMakeFiles/CMakeTmp'

Source file was:
#include <gflags/gflags.h>
     int main(int argc, char * argv[]) {
       google::ParseCommandLineFlags(&argc, &argv, true);
       return 0;
     }
