Determining if the pthread_create exist failed with the following output:
Change Dir: /home/kdq/workspace/KDQ_SLAM/build-ceres_study-Desktop-Default/CMakeFiles/CMakeTmp

Run Build Command:"/usr/bin/make" "cmTC_91c46/fast"
/usr/bin/make -f CMakeFiles/cmTC_91c46.dir/build.make CMakeFiles/cmTC_91c46.dir/build
make[1]: 正在进入目录 `/home/kdq/workspace/KDQ_SLAM/build-ceres_study-Desktop-Default/CMakeFiles/CMakeTmp'
Building C object CMakeFiles/cmTC_91c46.dir/CheckSymbolExists.c.o
/usr/bin/gcc    -o CMakeFiles/cmTC_91c46.dir/CheckSymbolExists.c.o   -c /home/kdq/workspace/KDQ_SLAM/build-ceres_study-Desktop-Default/CMakeFiles/CMakeTmp/CheckSymbolExists.c
Linking C executable cmTC_91c46
/usr/bin/cmake -E cmake_link_script CMakeFiles/cmTC_91c46.dir/link.txt --verbose=1
/usr/bin/gcc      CMakeFiles/cmTC_91c46.dir/CheckSymbolExists.c.o  -o cmTC_91c46 
CMakeFiles/cmTC_91c46.dir/CheckSymbolExists.c.o：在函数‘main’中：
CheckSymbolExists.c:(.text+0x16)：对‘pthread_create’未定义的引用
collect2: error: ld returned 1 exit status
make[1]: *** [cmTC_91c46] 错误 1
make[1]:正在离开目录 `/home/kdq/workspace/KDQ_SLAM/build-ceres_study-Desktop-Default/CMakeFiles/CMakeTmp'
make: *** [cmTC_91c46/fast] 错误 2

File /home/kdq/workspace/KDQ_SLAM/build-ceres_study-Desktop-Default/CMakeFiles/CMakeTmp/CheckSymbolExists.c:
/* */
#include <pthread.h>

int main(int argc, char** argv)
{
  (void)argv;
#ifndef pthread_create
  return ((int*)(&pthread_create))[argc];
#else
  (void)argc;
  return 0;
#endif
}

Determining if the function pthread_create exists in the pthreads failed with the following output:
Change Dir: /home/kdq/workspace/KDQ_SLAM/build-ceres_study-Desktop-Default/CMakeFiles/CMakeTmp

Run Build Command:"/usr/bin/make" "cmTC_68fde/fast"
/usr/bin/make -f CMakeFiles/cmTC_68fde.dir/build.make CMakeFiles/cmTC_68fde.dir/build
make[1]: 正在进入目录 `/home/kdq/workspace/KDQ_SLAM/build-ceres_study-Desktop-Default/CMakeFiles/CMakeTmp'
Building C object CMakeFiles/cmTC_68fde.dir/CheckFunctionExists.c.o
/usr/bin/gcc   -DCHECK_FUNCTION_EXISTS=pthread_create   -o CMakeFiles/cmTC_68fde.dir/CheckFunctionExists.c.o   -c /usr/share/cmake-3.11/Modules/CheckFunctionExists.c
Linking C executable cmTC_68fde
/usr/bin/cmake -E cmake_link_script CMakeFiles/cmTC_68fde.dir/link.txt --verbose=1
/usr/bin/gcc  -DCHECK_FUNCTION_EXISTS=pthread_create    CMakeFiles/cmTC_68fde.dir/CheckFunctionExists.c.o  -o cmTC_68fde -lpthreads 
/usr/bin/ld: 找不到 -lpthreads
collect2: error: ld returned 1 exit status
make[1]: *** [cmTC_68fde] 错误 1
make[1]:正在离开目录 `/home/kdq/workspace/KDQ_SLAM/build-ceres_study-Desktop-Default/CMakeFiles/CMakeTmp'
make: *** [cmTC_68fde/fast] 错误 2


