Determining if the pthread_create exist failed with the following output:
Change Dir: /home/parallels/workspace/KDQ_SLAM/ceres_study/build/CMakeFiles/CMakeTmp

Run Build Command:"/usr/bin/make" "cmTC_eaf9c/fast"
/usr/bin/make -f CMakeFiles/cmTC_eaf9c.dir/build.make CMakeFiles/cmTC_eaf9c.dir/build
make[1]: Entering directory '/home/parallels/workspace/KDQ_SLAM/ceres_study/build/CMakeFiles/CMakeTmp'
Building C object CMakeFiles/cmTC_eaf9c.dir/CheckSymbolExists.c.o
/usr/bin/gcc-5     -o CMakeFiles/cmTC_eaf9c.dir/CheckSymbolExists.c.o   -c /home/parallels/workspace/KDQ_SLAM/ceres_study/build/CMakeFiles/CMakeTmp/CheckSymbolExists.c
Linking C executable cmTC_eaf9c
/usr/bin/cmake -E cmake_link_script CMakeFiles/cmTC_eaf9c.dir/link.txt --verbose=1
/usr/bin/gcc-5       CMakeFiles/cmTC_eaf9c.dir/CheckSymbolExists.c.o  -o cmTC_eaf9c -rdynamic 
CMakeFiles/cmTC_eaf9c.dir/CheckSymbolExists.c.o: In function `main':
CheckSymbolExists.c:(.text+0x16): undefined reference to `pthread_create'
collect2: error: ld returned 1 exit status
CMakeFiles/cmTC_eaf9c.dir/build.make:97: recipe for target 'cmTC_eaf9c' failed
make[1]: *** [cmTC_eaf9c] Error 1
make[1]: Leaving directory '/home/parallels/workspace/KDQ_SLAM/ceres_study/build/CMakeFiles/CMakeTmp'
Makefile:126: recipe for target 'cmTC_eaf9c/fast' failed
make: *** [cmTC_eaf9c/fast] Error 2

File /home/parallels/workspace/KDQ_SLAM/ceres_study/build/CMakeFiles/CMakeTmp/CheckSymbolExists.c:
/* */
#include <pthread.h>

int main(int argc, char** argv)
{
  (void)argv;
#ifndef pthread_create
  return ((int*)(&pthread_create))[argc];
#else
  (void)argc;
  return 0;
#endif
}

Determining if the function pthread_create exists in the pthreads failed with the following output:
Change Dir: /home/parallels/workspace/KDQ_SLAM/ceres_study/build/CMakeFiles/CMakeTmp

Run Build Command:"/usr/bin/make" "cmTC_77ba1/fast"
/usr/bin/make -f CMakeFiles/cmTC_77ba1.dir/build.make CMakeFiles/cmTC_77ba1.dir/build
make[1]: Entering directory '/home/parallels/workspace/KDQ_SLAM/ceres_study/build/CMakeFiles/CMakeTmp'
Building C object CMakeFiles/cmTC_77ba1.dir/CheckFunctionExists.c.o
/usr/bin/gcc-5    -DCHECK_FUNCTION_EXISTS=pthread_create   -o CMakeFiles/cmTC_77ba1.dir/CheckFunctionExists.c.o   -c /usr/share/cmake-3.5/Modules/CheckFunctionExists.c
Linking C executable cmTC_77ba1
/usr/bin/cmake -E cmake_link_script CMakeFiles/cmTC_77ba1.dir/link.txt --verbose=1
/usr/bin/gcc-5   -DCHECK_FUNCTION_EXISTS=pthread_create    CMakeFiles/cmTC_77ba1.dir/CheckFunctionExists.c.o  -o cmTC_77ba1 -rdynamic -lpthreads 
/usr/bin/ld: cannot find -lpthreads
collect2: error: ld returned 1 exit status
CMakeFiles/cmTC_77ba1.dir/build.make:97: recipe for target 'cmTC_77ba1' failed
make[1]: *** [cmTC_77ba1] Error 1
make[1]: Leaving directory '/home/parallels/workspace/KDQ_SLAM/ceres_study/build/CMakeFiles/CMakeTmp'
Makefile:126: recipe for target 'cmTC_77ba1/fast' failed
make: *** [cmTC_77ba1/fast] Error 2


