Determining if the pthread_create exist failed with the following output:
Change Dir: /home/kdq/workspace/KDQ_SLAM/catkin_ws/build/CMakeFiles/CMakeTmp

Run Build Command:"/usr/bin/make" "cmTC_cf625/fast"
/usr/bin/make -f CMakeFiles/cmTC_cf625.dir/build.make CMakeFiles/cmTC_cf625.dir/build
make[1]: Entering directory '/home/kdq/workspace/KDQ_SLAM/catkin_ws/build/CMakeFiles/CMakeTmp'
Building C object CMakeFiles/cmTC_cf625.dir/CheckSymbolExists.c.o
/usr/bin/cc     -o CMakeFiles/cmTC_cf625.dir/CheckSymbolExists.c.o   -c /home/kdq/workspace/KDQ_SLAM/catkin_ws/build/CMakeFiles/CMakeTmp/CheckSymbolExists.c
Linking C executable cmTC_cf625
/usr/bin/cmake -E cmake_link_script CMakeFiles/cmTC_cf625.dir/link.txt --verbose=1
/usr/bin/cc       CMakeFiles/cmTC_cf625.dir/CheckSymbolExists.c.o  -o cmTC_cf625 -rdynamic 
CMakeFiles/cmTC_cf625.dir/CheckSymbolExists.c.o：在函数‘main’中：
CheckSymbolExists.c:(.text+0x16)：对‘pthread_create’未定义的引用
collect2: error: ld returned 1 exit status
CMakeFiles/cmTC_cf625.dir/build.make:97: recipe for target 'cmTC_cf625' failed
make[1]: *** [cmTC_cf625] Error 1
make[1]: Leaving directory '/home/kdq/workspace/KDQ_SLAM/catkin_ws/build/CMakeFiles/CMakeTmp'
Makefile:126: recipe for target 'cmTC_cf625/fast' failed
make: *** [cmTC_cf625/fast] Error 2

File /home/kdq/workspace/KDQ_SLAM/catkin_ws/build/CMakeFiles/CMakeTmp/CheckSymbolExists.c:
/* */
#include <pthread.h>

int main(int argc, char** argv)
{
  (void)argv;
#ifndef pthread_create
  return ((int*)(&pthread_create))[argc];
#else
  (void)argc;
  return 0;
#endif
}

Determining if the function pthread_create exists in the pthreads failed with the following output:
Change Dir: /home/kdq/workspace/KDQ_SLAM/catkin_ws/build/CMakeFiles/CMakeTmp

Run Build Command:"/usr/bin/make" "cmTC_86dcb/fast"
/usr/bin/make -f CMakeFiles/cmTC_86dcb.dir/build.make CMakeFiles/cmTC_86dcb.dir/build
make[1]: Entering directory '/home/kdq/workspace/KDQ_SLAM/catkin_ws/build/CMakeFiles/CMakeTmp'
Building C object CMakeFiles/cmTC_86dcb.dir/CheckFunctionExists.c.o
/usr/bin/cc    -DCHECK_FUNCTION_EXISTS=pthread_create   -o CMakeFiles/cmTC_86dcb.dir/CheckFunctionExists.c.o   -c /usr/share/cmake-3.5/Modules/CheckFunctionExists.c
Linking C executable cmTC_86dcb
/usr/bin/cmake -E cmake_link_script CMakeFiles/cmTC_86dcb.dir/link.txt --verbose=1
/usr/bin/cc   -DCHECK_FUNCTION_EXISTS=pthread_create    CMakeFiles/cmTC_86dcb.dir/CheckFunctionExists.c.o  -o cmTC_86dcb -rdynamic -lpthreads 
/usr/bin/ld: 找不到 -lpthreads
collect2: error: ld returned 1 exit status
CMakeFiles/cmTC_86dcb.dir/build.make:97: recipe for target 'cmTC_86dcb' failed
make[1]: *** [cmTC_86dcb] Error 1
make[1]: Leaving directory '/home/kdq/workspace/KDQ_SLAM/catkin_ws/build/CMakeFiles/CMakeTmp'
Makefile:126: recipe for target 'cmTC_86dcb/fast' failed
make: *** [cmTC_86dcb/fast] Error 2


