Performing C SOURCE FILE Test CMAKE_HAVE_LIBC_PTHREAD failed with the following output:
Change Dir: /home/kdq/Workspace/KDQ_SLAM/vins-stereo/build/CMakeFiles/CMakeTmp

Run Build Command(s):/usr/bin/make cmTC_c5e22/fast && /usr/bin/make -f CMakeFiles/cmTC_c5e22.dir/build.make CMakeFiles/cmTC_c5e22.dir/build
make[1]: Entering directory '/home/kdq/Workspace/KDQ_SLAM/vins-stereo/build/CMakeFiles/CMakeTmp'
Building C object CMakeFiles/cmTC_c5e22.dir/src.c.o
/usr/bin/cc   -DCMAKE_HAVE_LIBC_PTHREAD   -o CMakeFiles/cmTC_c5e22.dir/src.c.o   -c /home/kdq/Workspace/KDQ_SLAM/vins-stereo/build/CMakeFiles/CMakeTmp/src.c
Linking C executable cmTC_c5e22
/usr/local/bin/cmake -E cmake_link_script CMakeFiles/cmTC_c5e22.dir/link.txt --verbose=1
/usr/bin/cc  -DCMAKE_HAVE_LIBC_PTHREAD    -rdynamic CMakeFiles/cmTC_c5e22.dir/src.c.o  -o cmTC_c5e22 
CMakeFiles/cmTC_c5e22.dir/src.c.o：在函数‘main’中：
src.c:(.text+0x3c)：对‘pthread_create’未定义的引用
src.c:(.text+0x48)：对‘pthread_detach’未定义的引用
src.c:(.text+0x59)：对‘pthread_join’未定义的引用
src.c:(.text+0x6d)：对‘pthread_atfork’未定义的引用
collect2: error: ld returned 1 exit status
CMakeFiles/cmTC_c5e22.dir/build.make:86: recipe for target 'cmTC_c5e22' failed
make[1]: *** [cmTC_c5e22] Error 1
make[1]: Leaving directory '/home/kdq/Workspace/KDQ_SLAM/vins-stereo/build/CMakeFiles/CMakeTmp'
Makefile:121: recipe for target 'cmTC_c5e22/fast' failed
make: *** [cmTC_c5e22/fast] Error 2


Source file was:
#include <pthread.h>

void* test_func(void* data)
{
  return data;
}

int main(void)
{
  pthread_t thread;
  pthread_create(&thread, NULL, test_func, NULL);
  pthread_detach(thread);
  pthread_join(thread, NULL);
  pthread_atfork(NULL, NULL, NULL);
  pthread_exit(NULL);

  return 0;
}

Determining if the function pthread_create exists in the pthreads failed with the following output:
Change Dir: /home/kdq/Workspace/KDQ_SLAM/vins-stereo/build/CMakeFiles/CMakeTmp

Run Build Command(s):/usr/bin/make cmTC_f6481/fast && /usr/bin/make -f CMakeFiles/cmTC_f6481.dir/build.make CMakeFiles/cmTC_f6481.dir/build
make[1]: Entering directory '/home/kdq/Workspace/KDQ_SLAM/vins-stereo/build/CMakeFiles/CMakeTmp'
Building C object CMakeFiles/cmTC_f6481.dir/CheckFunctionExists.c.o
/usr/bin/cc   -DCHECK_FUNCTION_EXISTS=pthread_create   -o CMakeFiles/cmTC_f6481.dir/CheckFunctionExists.c.o   -c /usr/local/share/cmake-3.15/Modules/CheckFunctionExists.c
Linking C executable cmTC_f6481
/usr/local/bin/cmake -E cmake_link_script CMakeFiles/cmTC_f6481.dir/link.txt --verbose=1
/usr/bin/cc  -DCHECK_FUNCTION_EXISTS=pthread_create    -rdynamic CMakeFiles/cmTC_f6481.dir/CheckFunctionExists.c.o  -o cmTC_f6481 -lpthreads 
/usr/bin/ld: 找不到 -lpthreads
collect2: error: ld returned 1 exit status
CMakeFiles/cmTC_f6481.dir/build.make:86: recipe for target 'cmTC_f6481' failed
make[1]: *** [cmTC_f6481] Error 1
make[1]: Leaving directory '/home/kdq/Workspace/KDQ_SLAM/vins-stereo/build/CMakeFiles/CMakeTmp'
Makefile:121: recipe for target 'cmTC_f6481/fast' failed
make: *** [cmTC_f6481/fast] Error 2



